<?xml version="1.0" encoding="UTF-8"?>
<!-- Generated by org.testng.reporters.JUnitXMLReporter -->
<testsuite ignored="0" hostname="DESKTOP-U691P5C" failures="0" tests="10" name="EdgeTest" time="6.866" errors="0" timestamp="2023-12-13T10:39:56 IST">
  <testcase classname="com.swagslabs.testscripts.LoginPageTest2" name="verifyFunctionalityOfLoginBtnWithvalidUsernameAndvalidPassword" time="1.654"/>
  <testcase classname="com.swagslabs.testscripts.LoginPageTest2" name="verifyFunctionalityOfLoginBtnWithvalidUsernameAndvalidPassword" time="0.0">
    <skipped/>
  </testcase> <!-- verifyFunctionalityOfLoginBtnWithvalidUsernameAndvalidPassword -->
  <testcase classname="com.swagslabs.testscripts.LoginPageTest2" name="verifyFunctionalityOfLoginBtnWithvalidUsernameAndvalidPassword" time="0.0">
    <skipped/>
  </testcase> <!-- verifyFunctionalityOfLoginBtnWithvalidUsernameAndvalidPassword -->
  <testcase classname="com.swagslabs.testscripts.LoginPageTest2" name="verifyFunctionalityOfLoginBtnWithvalidUsernameAndvalidPassword" time="0.0">
    <skipped/>
  </testcase> <!-- verifyFunctionalityOfLoginBtnWithvalidUsernameAndvalidPassword -->
  <testcase classname="com.swagslabs.testscripts.LoginPageTest2" name="verifyFunctionalityOfLoginBtnWithvalidUsernameAndvalidPassword" time="0.0">
    <skipped/>
  </testcase> <!-- verifyFunctionalityOfLoginBtnWithvalidUsernameAndvalidPassword -->
  <testcase classname="com.swagslabs.testscripts.LoginPageTest2" name="verifyFunctionalityOfLoginBtnWithvalidUsernameAndvalidPassword" time="0.0">
    <skipped/>
  </testcase> <!-- verifyFunctionalityOfLoginBtnWithvalidUsernameAndvalidPassword -->
  <testcase classname="com.swagslabs.testscripts.LoginPageTest2" name="verifyFunctionalityOfLoginBtnWithvalidUsernameAndvalidPassword" time="0.0">
    <skipped/>
  </testcase> <!-- verifyFunctionalityOfLoginBtnWithvalidUsernameAndvalidPassword -->
  <testcase classname="com.swagslabs.testscripts.LoginPageTest2" name="verifyFunctionalityOfLoginBtnWithvalidUsernameAndvalidPassword" time="0.0">
    <skipped/>
  </testcase> <!-- verifyFunctionalityOfLoginBtnWithvalidUsernameAndvalidPassword -->
  <testcase classname="com.swagslabs.testscripts.LoginPageTest2" name="verifyFunctionalityOfLoginBtnWithvalidUsernameAndvalidPassword" time="0.0">
    <skipped/>
  </testcase> <!-- verifyFunctionalityOfLoginBtnWithvalidUsernameAndvalidPassword -->
  <testcase classname="com.swagslabs.testscripts.LoginPageTest2" name="verifyFunctionalityOfLoginBtnWithvalidUsernameAndvalidPassword" time="0.0">
    <skipped/>
  </testcase> <!-- verifyFunctionalityOfLoginBtnWithvalidUsernameAndvalidPassword -->
</testsuite> <!-- EdgeTest -->
