<?xml version="1.0" encoding="UTF-8"?>
<!-- Generated by org.testng.reporters.JUnitXMLReporter -->
<testsuite ignored="4" hostname="LAPTOP-SNB50MKR" failures="0" tests="1" name="Test" time="0.041" errors="0" timestamp="2023-07-15T22:07:35 IST">
  <testcase classname="com.swagslabs.testscripts.LoginPageTest" name="@BeforeMethod setup" time="-1.68943905577E9">
    <failure type="org.testng.TestNGException" message="
Parameter &amp;apos;browsername&amp;apos; is required by BeforeMethod on method setup but has not been marked @Optional or defined
in C:\ECLIPSE@MAHESH_PAPA\SwagLabs1\testng1.xml">
      <![CDATA[org.testng.TestNGException: 
Parameter 'browsername' is required by BeforeMethod on method setup but has not been marked @Optional or defined
in C:\ECLIPSE@MAHESH_PAPA\SwagLabs1\testng1.xml
at java.base/java.util.ArrayList.forEach(ArrayList.java:1511)
... Removed 28 stack frames]]>
    </failure>
  </testcase> <!-- @BeforeMethod setup -->
  <testcase classname="com.swagslabs.testscripts.LoginPageTest" name="@AfterMethod teardown" time="-1.689439055784E9">
    <skipped/>
  </testcase> <!-- @AfterMethod teardown -->
  <testcase classname="com.swagslabs.testscripts.LoginPageTest" name="verifyFunctionalityOfLoginBtnWithUsernameAsBlankAndPasswordAsBlank" time="0.0">
    <skipped/>
  </testcase> <!-- verifyFunctionalityOfLoginBtnWithUsernameAsBlankAndPasswordAsBlank -->
  <testcase classname="com.swagslabs.testscripts.LoginPageTest" name="verifyFunctionalityOfLoginBtnWithInvalidUsernameAndInvalidPassword" time="0.0">
    <ignored/>
  </testcase> <!-- verifyFunctionalityOfLoginBtnWithInvalidUsernameAndInvalidPassword -->
  <testcase classname="com.swagslabs.testscripts.LoginPageTest" name="verifyFunctionalityOfCrossBtn" time="0.0">
    <ignored/>
  </testcase> <!-- verifyFunctionalityOfCrossBtn -->
  <testcase classname="com.swagslabs.testscripts.LoginPageTest" name="verifyFunctionalityOfLoginBtnWithUsernameAndPasswordAsBlank" time="0.0">
    <ignored/>
  </testcase> <!-- verifyFunctionalityOfLoginBtnWithUsernameAndPasswordAsBlank -->
  <testcase classname="com.swagslabs.testscripts.LoginPageTest" name="verifyFunctionalityOfLoginBtnWithvalidUsernameAndvalidPassword" time="0.0">
    <ignored/>
  </testcase> <!-- verifyFunctionalityOfLoginBtnWithvalidUsernameAndvalidPassword -->
</testsuite> <!-- Test -->
